<?xml version="1.0" encoding="UTF-8"?>
<!-- Generated by org.testng.reporters.JUnitReportReporter -->
<testsuite hostname="XIPL9781" failures="0" tests="1" name="com.test.TestNG.Testng1" time="0.018" errors="0" timestamp="2022-09-22T16:39:20 IST" skipped="0">
  <testcase classname="com.test.TestNG.Testng1" name="inTest" time="0.018"/>
  <system-out>
    <![CDATA[hello world hello]]>
  </system-out>
</testsuite> <!-- com.test.TestNG.Testng1 -->
